<?xml version="1.0" encoding="UTF-8"?>
<testsuite xmlns:xsi="http://www.w3.org/2001/XMLSchema-instance" xsi:noNamespaceSchemaLocation="https://maven.apache.org/surefire/maven-surefire-plugin/xsd/surefire-test-report.xsd" name="nz.co.solnet.tests.TaskManagementSuiteTest" time="0.162" tests="1" errors="1" skipped="0" failures="0">
  <properties>
[...]
</properties>
  <testcase name="initializationError" classname="nz.co.solnet.tests.TaskManagementSuiteTest" time="0.007">
    <error message="Invalid test class &apos;nz.co.solnet.tests.TaskManagementSuiteTest&apos;:&#10;  1. No runnable methods" type="org.junit.runners.model.InvalidTestClassError">org.junit.runners.model.InvalidTestClassError: 
Invalid test class 'nz.co.solnet.tests.TaskManagementSuiteTest':
  1. No runnable methods
</error>
  </testcase>
</testsuite>